reading input file ... 
chiAA -1
chiAB 1
chiBB -1
number of bins: 16
binsize 64
grid move is : 0
loading production ... loaded: 1
read successfully
making output files ... created successfully
Initializing simulation objects ... 
grid size is : 28.7
grid.L is: 7
volume is: 0.00810849
load configuratin is 1
Loading configuration from input1024.xyz
1024
checking if nbeads in config.json matches number of beads in the first line of <input>.xyz ... 
nbeads in config.json matches <input>.xyz
atoms
Objects created
Initializing took 2488 microseconds 
Initializing cells: 
Setting active cells
setting up contacts
Beginning Simulation
Sweep number 0
acceptance rate: 84.6029%
trans: 56% 	crank: 66% 	pivot: 90% 	rot: 89.1602% 	
acceptance rate: 81.9303%
Took 10seconds 
Moved 11847676 beads 
