Chi:
 [[-1.  1.]
 [ 1.  0.]]
Net interaction matrix:
 [[ 1.  0.  1.  0.]
 [ 0. -1.  1.  0.]
 [ 1.  1.  0.  0.]
 [ 0.  0.  0.  0.]]
reading input file ... 
chiAA -1
chiAB 1
chiBB 0
grid move is : 1
loading production ... loaded: 1
read successfully
making output files ... created successfully
Initializing simulation objects ... 
grid size is : 40
grid.L is: 5
volume is: 0.008
load configuratin is 1
Loading configuration from equilibrated.xyz
1024
checking if nbeads in config.json matches number of beads in the first line of <input>.xyz ... 
nbeads in config.json matches <input>.xyz
atoms
Objects created
Initializing took 10507 microseconds 
Initializing cells: 
Setting active cells
setting up contacts
Beginning Simulation
Sweep number 0
acceptance rate: 84.3598%
trans: 50% 	crank: 76% 	pivot: 70% 	rot: 88.6719% 	
Sweep number 50000
acceptance rate: 82.1829%
trans: 51.5727% 	crank: 73.3157% 	pivot: 70.2628% 	rot: 86.1545% 	
Sweep number 100000
acceptance rate: 82.1825%
trans: 51.576% 	crank: 73.3014% 	pivot: 70.1568% 	rot: 86.1561% 	
Sweep number 150000
acceptance rate: 82.1803%
trans: 51.5806% 	crank: 73.2929% 	pivot: 70.2457% 	rot: 86.153% 	
Sweep number 200000
acceptance rate: 82.182%
trans: 51.5835% 	crank: 73.2925% 	pivot: 70.3226% 	rot: 86.154% 	
Sweep number 250000
acceptance rate: 82.182%
trans: 51.5829% 	crank: 73.2961% 	pivot: 70.2716% 	rot: 86.1542% 	
Sweep number 300000
acceptance rate: 82.1843%
trans: 51.5803% 	crank: 73.3094% 	pivot: 70.2672% 	rot: 86.1561% 	
Sweep number 350000
acceptance rate: 82.1834%
trans: 51.5826% 	crank: 73.3047% 	pivot: 70.2684% 	rot: 86.1552% 	
Sweep number 400000
acceptance rate: 82.1826%
trans: 51.5804% 	crank: 73.3045% 	pivot: 70.2855% 	rot: 86.1543% 	
Sweep number 450000
acceptance rate: 82.1824%
trans: 51.5818% 	crank: 73.3027% 	pivot: 70.2833% 	rot: 86.154% 	
acceptance rate: 82.1826%
Took 766seconds 
Moved 623967494 beads 
